<?xml version="1.0" encoding="UTF-8"?>
<!-- Generated by org.testng.reporters.JUnitReportReporter -->
<testsuite hostname="DESKTOP-KR3QMJH" failures="0" tests="3" name="isdispalyenableselected.IsDisplayEnableSelected" time="13.926" errors="0" timestamp="2025-05-20T11:54:12 IST" skipped="0">
  <testcase classname="isdispalyenableselected.IsDisplayEnableSelected" name="IsDisplayed" time="8.410"/>
  <testcase classname="isdispalyenableselected.IsDisplayEnableSelected" name="IsSelect" time="2.796"/>
  <testcase classname="isdispalyenableselected.IsDisplayEnableSelected" name="IsEnable" time="2.720"/>
</testsuite> <!-- isdispalyenableselected.IsDisplayEnableSelected -->
