<?xml version="1.0" encoding="UTF-8"?>
<!-- Generated by org.testng.reporters.JUnitReportReporter -->
<testsuite hostname="DESKTOP-KR3QMJH" failures="0" tests="1" name="iframe.Iframeprocesstestng" time="54.436" errors="0" timestamp="2025-05-15T18:51:38 IST" skipped="0">
  <testcase classname="iframe.Iframeprocesstestng" name="iframes" time="54.436"/>
</testsuite> <!-- iframe.Iframeprocesstestng -->
