<?xml version="1.0" encoding="UTF-8"?>
<!-- Generated by org.testng.reporters.JUnitReportReporter -->
<testsuite hostname="DESKTOP-KR3QMJH" failures="0" tests="1" name="tabtitleapplicationurlapplicationtext.Ttaut" time="6.648" errors="0" timestamp="2025-05-20T09:14:47 IST" skipped="0">
  <testcase classname="tabtitleapplicationurlapplicationtext.Ttaut" name="microSofttext" time="6.648"/>
</testsuite> <!-- tabtitleapplicationurlapplicationtext.Ttaut -->
