<?xml version="1.0" encoding="UTF-8"?>
<!-- Generated by org.testng.reporters.JUnitReportReporter -->
<testsuite hostname="DESKTOP-KR3QMJH" failures="0" tests="1" name="test.NewTest" time="11.318" errors="0" timestamp="2025-05-14T08:40:51 IST" skipped="0">
  <testcase classname="test.NewTest" name="xpath" time="11.318"/>
</testsuite> <!-- test.NewTest -->
