<?xml version="1.0" encoding="UTF-8"?>
<!-- Generated by org.testng.reporters.JUnitReportReporter -->
<testsuite hostname="DESKTOP-KR3QMJH" failures="0" tests="1" name="test.NewTest" time="11.372" errors="0" timestamp="2025-06-03T16:11:57 IST" skipped="0">
  <testcase classname="test.NewTest" name="xpath" time="11.372"/>
</testsuite> <!-- test.NewTest -->
