<?xml version="1.0" encoding="UTF-8"?>
<!-- Generated by org.testng.reporters.JUnitReportReporter -->
<testsuite hostname="DESKTOP-KR3QMJH" failures="0" tests="4" name="tabtitleapplicationurlapplicationtext.TabTitleApplicationURLApplicationText" time="6.838" errors="0" timestamp="2025-05-19T21:46:23 IST" skipped="0">
  <testcase classname="tabtitleapplicationurlapplicationtext.TabTitleApplicationURLApplicationText" name="w3Schoolspage" time="5.587"/>
  <testcase classname="tabtitleapplicationurlapplicationtext.TabTitleApplicationURLApplicationText" name="w3Schoolstext" time="0.531"/>
  <testcase classname="tabtitleapplicationurlapplicationtext.TabTitleApplicationURLApplicationText" name="w3Schoolsurl" time="0.267"/>
  <testcase classname="tabtitleapplicationurlapplicationtext.TabTitleApplicationURLApplicationText" name="w3Schoolstext1" time="0.453"/>
</testsuite> <!-- tabtitleapplicationurlapplicationtext.TabTitleApplicationURLApplicationText -->
