<?xml version="1.0" encoding="UTF-8"?>
<!-- Generated by org.testng.reporters.JUnitReportReporter -->
<testsuite hostname="DESKTOP-KR3QMJH" failures="0" tests="1" name="iframe.Demogit" time="5.477" errors="0" timestamp="2025-06-02T11:08:40 IST" skipped="0">
  <testcase classname="iframe.Demogit" name="f" time="5.477"/>
</testsuite> <!-- iframe.Demogit -->
