<?xml version="1.0" encoding="UTF-8"?>
<!-- Generated by org.testng.reporters.JUnitReportReporter -->
<testsuite hostname="DESKTOP-KR3QMJH" failures="0" tests="1" name="iframe.Iframes20" time="7.379" errors="0" timestamp="2025-05-20T09:22:47 IST" skipped="0">
  <testcase classname="iframe.Iframes20" name="frames" time="7.379"/>
</testsuite> <!-- iframe.Iframes20 -->
